[2014-02-26 05:13:59] rocketeer.INFO: ["ls \/var\/www\/wpsite\/production\/releases"] [] []
[2014-02-26 05:13:59] rocketeer.INFO: ["20140223052351","20140223054710","20140223054710..","20140223062901","backup"] [] []
[2014-02-26 05:13:59] rocketeer.INFO: ["ls \/var\/www\/wpsite\/production\/releases"] [] []
[2014-02-26 05:13:59] rocketeer.INFO: ["20140223052351","20140223054710","20140223054710..","20140223062901","backup"] [] []
[2014-02-26 05:31:03] rocketeer.INFO: ["ls \/var\/www\/wpsite\/production\/releases"] [] []
[2014-02-26 05:31:03] rocketeer.INFO: ["20140223052351","20140223054710","20140223054710..","20140223062901","backup","wp-config.php"] [] []
[2014-02-26 05:31:03] rocketeer.INFO: ["ls \/var\/www\/wpsite\/production\/releases"] [] []
[2014-02-26 05:31:03] rocketeer.INFO: ["20140223052351","20140223054710","20140223054710..","20140223062901","backup","wp-config.php"] [] []
[2014-02-26 05:31:36] rocketeer.INFO: ["ls \/var\/www\/wpsite\/production\/releases"] [] []
[2014-02-26 05:31:36] rocketeer.INFO: ["20140223052351","20140223054710","20140223054710..","20140223062901","backup","wp-config.php"] [] []
[2014-02-26 05:32:27] rocketeer.INFO: ["ls \/var\/www\/wpsite\/production\/releases"] [] []
[2014-02-26 05:32:27] rocketeer.INFO: ["20140223052351","20140223054710","20140223054710..","20140223062901","backup","wp-config.php"] [] []
[2014-02-26 05:32:42] rocketeer.INFO: ["ls \/var\/www\/wpsite\/production\/releases"] [] []
[2014-02-26 05:32:42] rocketeer.INFO: ["20140223052351","20140223054710","20140223054710..","20140223062901","backup","wp-config.php"] [] []
[2014-02-26 05:33:14] rocketeer.INFO: ["ls \/var\/www\/wpsite\/production\/releases"] [] []
[2014-02-26 05:33:14] rocketeer.INFO: ["20140223052351","20140223054710","20140223054710..","20140223062901","backup","wp-config.php"] [] []
[2014-02-26 05:36:29] rocketeer.INFO: ["ls \/var\/www\/wpsite\/production\/releases"] [] []
[2014-02-26 05:36:29] rocketeer.INFO: ["20140223052351","20140223054710","20140223054710..","20140223062901","backup","wp-config.php"] [] []
[2014-02-26 05:37:49] rocketeer.INFO: ["ls \/var\/www\/wpsite\/production\/releases"] [] []
[2014-02-26 05:37:49] rocketeer.INFO: ["20140223052351","20140223054710","20140223054710..","20140223062901","backup","wp-config.php"] [] []
[2014-02-26 05:38:33] rocketeer.INFO: ["ls \/var\/www\/wpsite\/production\/releases"] [] []
[2014-02-26 05:38:33] rocketeer.INFO: ["20140223052351","20140223054710","20140223054710..","20140223062901","backup","wp-config.php"] [] []
[2014-02-26 05:42:15] rocketeer.INFO: ["ls \/var\/www\/wpsite\/production\/releases"] [] []
[2014-02-26 05:42:15] rocketeer.INFO: ["20140223052351","20140223054710","20140223054710..","20140223062901","backup","wp-config.php"] [] []
[2014-02-26 06:00:24] rocketeer.INFO: ["ls \/var\/www\/wpsite\/production\/releases"] [] []
[2014-02-26 06:00:24] rocketeer.INFO: ["20140223052351","20140223054710","20140223054710..","20140223062901","backup","wp-config.php"] [] []
[2014-02-26 06:18:35] rocketeer.INFO: ["ls \/var\/www\/wpsite\/production\/releases"] [] []
[2014-02-26 06:18:35] rocketeer.INFO: ["20140223052351","20140223054710","20140223054710..","20140223062901","backup","wp-config.php"] [] []
[2014-02-26 06:18:35] rocketeer.INFO: ["ls \/var\/www\/wpsite\/production\/releases"] [] []
[2014-02-26 06:18:35] rocketeer.INFO: ["20140223052351","20140223054710","20140223054710..","20140223062901","backup","wp-config.php"] [] []
[2014-02-26 06:19:12] rocketeer.INFO: ["ls \/var\/www\/wpsite\/production\/releases"] [] []
[2014-02-26 06:19:12] rocketeer.INFO: ["20140223052351","20140223054710","20140223054710..","20140223062901","backup","wp-config.php"] [] []
[2014-02-26 06:19:12] rocketeer.INFO: ["ls \/var\/www\/wpsite\/production\/releases"] [] []
[2014-02-26 06:19:12] rocketeer.INFO: ["20140223052351","20140223054710","20140223054710..","20140223062901","backup","wp-config.php"] [] []
[2014-02-26 06:19:50] rocketeer.INFO: ["ls \/var\/www\/wpsite\/production\/releases"] [] []
[2014-02-26 06:19:50] rocketeer.INFO: ["20140223052351","20140223054710","20140223054710..","20140223062901","backup","wp-config.php"] [] []
[2014-02-26 06:19:50] rocketeer.INFO: ["ls \/var\/www\/wpsite\/production\/releases"] [] []
[2014-02-26 06:19:50] rocketeer.INFO: ["20140223052351","20140223054710","20140223054710..","20140223062901","backup","wp-config.php"] [] []
[2014-02-26 06:20:42] rocketeer.INFO: ["ls \/var\/www\/wpsite\/production\/releases"] [] []
[2014-02-26 06:20:42] rocketeer.INFO: ["20140223052351","20140223054710","20140223054710..","20140223062901","backup","wp-config.php"] [] []
[2014-02-26 06:20:42] rocketeer.INFO: ["ls \/var\/www\/wpsite\/production\/releases"] [] []
[2014-02-26 06:20:42] rocketeer.INFO: ["20140223052351","20140223054710","20140223054710..","20140223062901","backup","wp-config.php"] [] []
[2014-02-26 06:21:40] rocketeer.INFO: ["ls \/var\/www\/wpsite\/production\/releases"] [] []
[2014-02-26 06:21:40] rocketeer.INFO: ["20140223052351","20140223054710","20140223054710..","20140223062901","backup","wp-config.php"] [] []
[2014-02-26 06:21:40] rocketeer.INFO: ["ls \/var\/www\/wpsite\/production\/releases"] [] []
[2014-02-26 06:21:40] rocketeer.INFO: ["20140223052351","20140223054710","20140223054710..","20140223062901","backup","wp-config.php"] [] []
[2014-02-26 06:21:53] rocketeer.INFO: ["ls \/var\/www\/wpsite\/production\/releases"] [] []
[2014-02-26 06:21:53] rocketeer.INFO: ["20140223052351","20140223054710","20140223054710..","20140223062901","backup","wp-config.php"] [] []
[2014-02-26 06:21:53] rocketeer.INFO: ["ls \/var\/www\/wpsite\/production\/releases"] [] []
[2014-02-26 06:21:53] rocketeer.INFO: ["20140223052351","20140223054710","20140223054710..","20140223062901","backup","wp-config.php"] [] []
[2014-02-26 06:22:53] rocketeer.INFO: ["ls \/var\/www\/wpsite\/production\/releases"] [] []
[2014-02-26 06:22:53] rocketeer.INFO: ["20140223052351","20140223054710","20140223054710..","20140223062901","backup","wp-config.php"] [] []
[2014-02-26 06:44:49] rocketeer.INFO: ["ls \/var\/www\/wpsite\/production\/releases"] [] []
[2014-02-26 06:44:49] rocketeer.INFO: ["20140223052351","20140223054710","20140223054710..","20140223062901","backup","wp-config.php"] [] []
[2014-02-26 06:44:49] rocketeer.INFO: ["ls \/var\/www\/wpsite\/production\/releases"] [] []
[2014-02-26 06:44:49] rocketeer.INFO: ["20140223052351","20140223054710","20140223054710..","20140223062901","backup","wp-config.php"] [] []
[2014-02-26 06:44:49] rocketeer.INFO: ["cd \/var\/www\/wpsite\/production\/releases\/","chown -R :www-data .\/"] [] []
[2014-02-26 06:44:49] rocketeer.INFO:  [] []
[2014-02-26 06:44:49] rocketeer.INFO: ["ls \/var\/www\/wpsite\/production\/releases"] [] []
[2014-02-26 06:44:49] rocketeer.INFO: ["20140223052351","20140223054710","20140223054710..","20140223062901","backup","wp-config.php"] [] []
[2014-02-26 06:44:49] rocketeer.INFO: ["cd \/var\/www\/wpsite\/production\/releases\/","chown -R :www-data ..\/..\/shared"] [] []
[2014-02-26 06:44:49] rocketeer.INFO: chown: cannot access `../../shared': No such file or directory [] []
[2014-02-26 06:49:12] rocketeer.INFO: ["ls \/var\/www\/wpsite\/production\/releases"] [] []
[2014-02-26 06:49:12] rocketeer.INFO: ["20140223052351","20140223054710","20140223054710..","20140223062901","backup","wp-config.php"] [] []
[2014-02-26 06:49:12] rocketeer.INFO: ["cd \/var\/www\/wpsite\/production\/releases\/","chown -R :www-data .\/"] [] []
[2014-02-26 06:49:12] rocketeer.INFO:  [] []
[2014-02-26 06:49:12] rocketeer.INFO: ["ls \/var\/www\/wpsite\/production\/releases"] [] []
[2014-02-26 06:49:12] rocketeer.INFO: ["20140223052351","20140223054710","20140223054710..","20140223062901","backup","wp-config.php"] [] []
[2014-02-26 06:49:12] rocketeer.INFO: ["cd \/var\/www\/wpsite\/production\/releases\/","chown -R :www-data ..\/..\/shared"] [] []
[2014-02-26 06:49:12] rocketeer.INFO: chown: cannot access `../../shared': No such file or directory [] []
[2014-02-26 07:00:56] rocketeer.INFO: ["ls \/var\/www\/wpsite\/production\/releases"] [] []
[2014-02-26 07:00:56] rocketeer.INFO: ["20140223052351","20140223054710","20140223054710..","20140223062901","backup","wp-config.php"] [] []
[2014-02-26 07:00:56] rocketeer.INFO: ["cd \/var\/www\/wpsite\/production\/releases\/","chown -R :www-data .\/"] [] []
[2014-02-26 07:00:56] rocketeer.INFO:  [] []
[2014-02-26 07:00:56] rocketeer.INFO: ["ls \/var\/www\/wpsite\/production\/releases"] [] []
[2014-02-26 07:00:56] rocketeer.INFO: ["20140223052351","20140223054710","20140223054710..","20140223062901","backup","wp-config.php"] [] []
[2014-02-26 07:00:56] rocketeer.INFO: ["cd \/var\/www\/wpsite\/production\/releases\/","chown -R :www-data ..\/..\/shared"] [] []
[2014-02-26 07:00:56] rocketeer.INFO: chown: cannot access `../../shared': No such file or directory [] []
[2014-02-26 07:02:53] rocketeer.INFO: ["ls \/var\/www\/wpsite\/production\/releases"] [] []
[2014-02-26 07:02:53] rocketeer.INFO: ["20140223052351","20140223054710","20140223054710..","20140223062901","backup","wp-config.php"] [] []
[2014-02-26 07:02:53] rocketeer.INFO: ["ls \/var\/www\/wpsite\/production\/releases"] [] []
[2014-02-26 07:02:53] rocketeer.INFO: ["20140223052351","20140223054710","20140223054710..","20140223062901","backup","wp-config.php"] [] []
[2014-02-26 07:02:55] rocketeer.INFO: ["git clone --depth 1 -b master \"https:\/\/github.com\/mykebates\/wpsite\" \/var\/www\/wpsite\/production\/releases\/20140226060253"] [] []
[2014-02-26 07:02:55] rocketeer.INFO: Cloning into '/var/www/wpsite/production/releases/20140226060253'... [] []
[2014-02-26 07:02:56] rocketeer.INFO: ["ls \/var\/www\/wpsite\/production\/releases"] [] []
[2014-02-26 07:02:56] rocketeer.INFO: ["20140223052351","20140223054710","20140223054710..","20140223062901","20140226060253","backup","wp-config.php"] [] []
[2014-02-26 07:04:03] rocketeer.INFO: ["cd \/var\/www\/wpsite\/production\/releases\/20140226060253","git submodule update --init --recursive"] [] []
[2014-02-26 07:04:03] rocketeer.INFO: Submodule 'wp' (git://github.com/WordPress/WordPress.git) registered for path 'wp'
Cloning into 'wp'...
Submodule path 'wp': checked out '22bb60277036651db73dc872eaa7d2a50276b00d' [] []
[2014-02-26 07:04:04] rocketeer.INFO: ["ls \/var\/www\/wpsite\/production\/releases"] [] []
[2014-02-26 07:04:04] rocketeer.INFO: ["20140223052351","20140223054710","20140223054710..","20140223062901","20140226060253","backup","wp-config.php"] [] []
[2014-02-26 07:04:04] rocketeer.INFO: ["which composer"] [] []
[2014-02-26 07:04:04] rocketeer.INFO: /usr/local/bin/composer [] []
[2014-02-26 07:04:04] rocketeer.INFO: ["ls \/var\/www\/wpsite\/production\/releases"] [] []
[2014-02-26 07:04:04] rocketeer.INFO: ["20140223052351","20140223054710","20140223054710..","20140223062901","20140226060253","backup","wp-config.php"] [] []
[2014-02-26 07:04:04] rocketeer.INFO: ["ls \/var\/www\/wpsite\/production\/releases"] [] []
[2014-02-26 07:04:04] rocketeer.INFO: ["20140223052351","20140223054710","20140223054710..","20140223062901","20140226060253","backup","wp-config.php"] [] []
[2014-02-26 07:04:04] rocketeer.INFO: ["ls \/var\/www\/wpsite\/production\/releases"] [] []
[2014-02-26 07:04:04] rocketeer.INFO: ["20140223052351","20140223054710","20140223054710..","20140223062901","20140226060253","backup","wp-config.php"] [] []
[2014-02-26 07:04:04] rocketeer.INFO: ["cd \/var\/www\/wpsite\/production\/releases\/20140226060253","chmod -R 755 \/var\/www\/wpsite\/production\/releases\/20140226060253\/content\/uploads","chmod -R g+s \/var\/www\/wpsite\/production\/releases\/20140226060253\/content\/uploads"] [] []
[2014-02-26 07:04:04] rocketeer.INFO:  [] []
[2014-02-26 07:04:04] rocketeer.INFO: ["ls \/var\/www\/wpsite\/production\/releases"] [] []
[2014-02-26 07:04:04] rocketeer.INFO: ["20140223052351","20140223054710","20140223054710..","20140223062901","20140226060253","backup","wp-config.php"] [] []
[2014-02-26 07:04:04] rocketeer.INFO: ["ls \/var\/www\/wpsite\/production\/releases"] [] []
[2014-02-26 07:04:04] rocketeer.INFO: ["20140223052351","20140223054710","20140223054710..","20140223062901","20140226060253","backup","wp-config.php"] [] []
[2014-02-26 07:04:04] rocketeer.INFO: ["cd \/var\/www\/wpsite\/production\/releases\/20140226060253","chmod -R 755 \/var\/www\/wpsite\/production\/releases\/20140226060253\/content\/plugins","chmod -R g+s \/var\/www\/wpsite\/production\/releases\/20140226060253\/content\/plugins"] [] []
[2014-02-26 07:04:04] rocketeer.INFO:  [] []
[2014-02-26 07:04:04] rocketeer.INFO: ["ls \/var\/www\/wpsite\/production\/releases"] [] []
[2014-02-26 07:04:04] rocketeer.INFO: ["20140223052351","20140223054710","20140223054710..","20140223062901","20140226060253","backup","wp-config.php"] [] []
[2014-02-26 07:04:04] rocketeer.INFO: ["ls \/var\/www\/wpsite\/production\/releases"] [] []
[2014-02-26 07:04:04] rocketeer.INFO: ["20140223052351","20140223054710","20140223054710..","20140223062901","20140226060253","backup","wp-config.php"] [] []
[2014-02-26 07:04:04] rocketeer.INFO: ["cd \/var\/www\/wpsite\/production\/releases\/20140226060253","chmod -R 755 \/var\/www\/wpsite\/production\/releases\/20140226060253\/","chmod -R g+s \/var\/www\/wpsite\/production\/releases\/20140226060253\/"] [] []
[2014-02-26 07:04:04] rocketeer.INFO:  [] []
[2014-02-26 07:04:04] rocketeer.INFO: ["ls \/var\/www\/wpsite\/production\/releases"] [] []
[2014-02-26 07:04:04] rocketeer.INFO: ["20140223052351","20140223054710","20140223054710..","20140223062901","20140226060253","backup","wp-config.php"] [] []
[2014-02-26 07:04:04] rocketeer.INFO: ["rm -rf \/var\/www\/wpsite\/production\/releases\/20140226060253\/content\/uploads"] [] []
[2014-02-26 07:04:04] rocketeer.INFO:  [] []
[2014-02-26 07:04:04] rocketeer.INFO: ["ln -s \/var\/www\/wpsite\/production\/shared\/content\/uploads \/var\/www\/wpsite\/production\/releases\/20140226060253\/content\/uploads"] [] []
[2014-02-26 07:04:04] rocketeer.INFO:  [] []
[2014-02-26 07:04:04] rocketeer.INFO: ["ls \/var\/www\/wpsite\/production\/releases"] [] []
[2014-02-26 07:04:04] rocketeer.INFO: ["20140223052351","20140223054710","20140223054710..","20140223062901","20140226060253","backup","wp-config.php"] [] []
[2014-02-26 07:04:04] rocketeer.INFO: ["mv \/var\/www\/wpsite\/production\/releases\/20140226060253\/\/sessions \/var\/www\/wpsite\/production\/shared\/\/sessions"] [] []
[2014-02-26 07:04:04] rocketeer.INFO: mv: cannot stat `/var/www/wpsite/production/releases/20140226060253//sessions': No such file or directory [] []
[2014-02-26 07:04:05] rocketeer.INFO: ["ls \/var\/www\/wpsite\/production\/releases"] [] []
[2014-02-26 07:04:05] rocketeer.INFO: ["20140223052351","20140223054710","20140223054710..","20140223062901","20140226060253","backup","wp-config.php"] [] []
[2014-02-26 07:04:05] rocketeer.INFO: ["rm -rf \/var\/www\/wpsite\/production\/current"] [] []
[2014-02-26 07:04:05] rocketeer.INFO:  [] []
[2014-02-26 07:04:05] rocketeer.INFO: ["ln -s \/var\/www\/wpsite\/production\/releases\/20140226060253 \/var\/www\/wpsite\/production\/current"] [] []
[2014-02-26 07:04:05] rocketeer.INFO:  [] []
[2014-02-26 07:04:05] rocketeer.INFO: ["ls \/var\/www\/wpsite\/production\/releases"] [] []
[2014-02-26 07:04:05] rocketeer.INFO: ["20140223052351","20140223054710","20140223054710..","20140223062901","20140226060253","backup","wp-config.php"] [] []
[2014-02-26 07:04:05] rocketeer.INFO: ["ls \/var\/www\/wpsite\/production\/releases"] [] []
[2014-02-26 07:04:05] rocketeer.INFO: ["20140223052351","20140223054710","20140223054710..","20140223062901","20140226060253","backup","wp-config.php"] [] []
[2014-02-26 07:04:05] rocketeer.INFO: ["ls \/var\/www\/wpsite\/production\/releases"] [] []
[2014-02-26 07:04:05] rocketeer.INFO: ["20140223052351","20140223054710","20140223054710..","20140223062901","20140226060253","backup","wp-config.php"] [] []
[2014-02-26 07:04:05] rocketeer.INFO: ["cd \/var\/www\/wpsite\/production\/releases\/20140226060253","chown -R :www-data .\/"] [] []
[2014-02-26 07:04:05] rocketeer.INFO:  [] []
[2014-02-26 07:04:05] rocketeer.INFO: ["ls \/var\/www\/wpsite\/production\/releases"] [] []
[2014-02-26 07:04:05] rocketeer.INFO: ["20140223052351","20140223054710","20140223054710..","20140223062901","20140226060253","backup","wp-config.php"] [] []
[2014-02-26 07:04:05] rocketeer.INFO: ["cd \/var\/www\/wpsite\/production\/releases\/20140226060253","chown -R :www-data ..\/..\/shared"] [] []
[2014-02-26 07:04:05] rocketeer.INFO: chown: changing group of `../../shared/content/uploads/2014/02/63vwRInjBT-3000x3000-778x576.png': Operation not permitted
chown: changing group of `../../shared/content/uploads/2014/02/1860372.jpg': Operation not permitted
chown: changing group of `../../shared/content/uploads/2014/02/63vwRInjBT-3000x3000-672x372.png': Operation not permitted
chown: changing group of `../../shared/content/uploads/2014/02/63vwRInjBT-3000x30001.png': Operation not permitted
chown: changing group of `../../shared/content/uploads/2014/02/63vwRInjBT-3000x3000-300x264.png': Operation not permitted
chown: changing group of `../../shared/content/uploads/2014/02/63vwRInjBT-3000x30001-778x576.png': Operation not permitted
chown: changing group of `../../shared/content/uploads/2014/02/1860372-150x150.jpg': Operation not permitted
chown: changing group of `../../shared/content/uploads/2014/02/63vwRInjBT-3000x3000.png': Operation not permitted
chown: changing group of `../../shared/content/uploads/2014/02/1860372-300x199.jpg': Operation not permitted
chown: changing group of `../../shared/content/uploads/2014/02/1860372-638x372.jpg': Operation not permitted
chown: changing group of `../../shared/content/uploads/2014/02/63vwRInjBT-3000x30001-672x372.png': Operation not permitted
chown: changing group of `../../shared/content/uploads/2014/02/63vwRInjBT-3000x3000-150x150.png': Operation not permitted
chown: changing group of `../../shared/content/uploads/2014/02/63vwRInjBT-3000x30001-150x150.png': Operation not permitted
chown: changing group of `../../shared/content/uploads/2014/02/63vwRInjBT-3000x30001-300x264.png': Operation not permitted [] []
[2014-02-26 07:04:05] rocketeer.INFO: ["ls \/var\/www\/wpsite\/production\/releases"] [] []
[2014-02-26 07:04:05] rocketeer.INFO: ["20140223052351","20140223054710","20140223054710..","20140223062901","20140226060253","backup","wp-config.php"] [] []
[2014-02-26 07:04:05] rocketeer.INFO: ["ls \/var\/www\/wpsite\/production\/releases"] [] []
[2014-02-26 07:04:05] rocketeer.INFO: ["20140223052351","20140223054710","20140223054710..","20140223062901","20140226060253","backup","wp-config.php"] [] []
[2014-02-26 07:04:05] rocketeer.INFO: ["ls \/var\/www\/wpsite\/production\/releases"] [] []
[2014-02-26 07:04:05] rocketeer.INFO: ["20140223052351","20140223054710","20140223054710..","20140223062901","20140226060253","backup","wp-config.php"] [] []
[2014-02-26 07:04:05] rocketeer.INFO: ["rm -rf \/var\/www\/wpsite\/production\/releases\/20140223054710.."] [] []
[2014-02-26 07:04:05] rocketeer.INFO:  [] []
[2014-02-26 07:04:05] rocketeer.INFO: ["ls \/var\/www\/wpsite\/production\/releases"] [] []
[2014-02-26 07:04:05] rocketeer.INFO: ["20140223052351","20140223054710","20140223062901","20140226060253","backup","wp-config.php"] [] []
[2014-02-26 07:04:05] rocketeer.INFO: ["rm -rf \/var\/www\/wpsite\/production\/releases\/20140223054710"] [] []
[2014-02-26 07:04:05] rocketeer.INFO:  [] []
[2014-02-26 07:04:05] rocketeer.INFO: ["ls \/var\/www\/wpsite\/production\/releases"] [] []
[2014-02-26 07:04:05] rocketeer.INFO: ["20140223052351","20140223062901","20140226060253","backup","wp-config.php"] [] []
[2014-02-26 07:04:06] rocketeer.INFO: ["rm -rf \/var\/www\/wpsite\/production\/releases\/20140223052351"] [] []
[2014-02-26 07:04:06] rocketeer.INFO:  [] []
[2014-02-26 07:10:41] rocketeer.INFO: ["ls \/var\/www\/wpsite\/production\/releases"] [] []
[2014-02-26 07:10:41] rocketeer.INFO: ["20140223062901","20140226060253","backup","wp-config.php"] [] []
[2014-02-26 07:10:42] rocketeer.INFO: ["ls \/var\/www\/wpsite\/production\/releases"] [] []
[2014-02-26 07:10:42] rocketeer.INFO: ["20140223062901","20140226060253","backup","wp-config.php"] [] []
[2014-02-26 07:10:45] rocketeer.INFO: ["git clone --depth 1 -b master \"https:\/\/github.com\/mykebates\/wpsite\" \/var\/www\/wpsite\/production\/releases\/20140226061042"] [] []
[2014-02-26 07:10:45] rocketeer.INFO: Cloning into '/var/www/wpsite/production/releases/20140226061042'... [] []
[2014-02-26 07:10:45] rocketeer.INFO: ["ls \/var\/www\/wpsite\/production\/releases"] [] []
[2014-02-26 07:10:45] rocketeer.INFO: ["20140223062901","20140226060253","20140226061042","backup","wp-config.php"] [] []
[2014-02-26 07:11:48] rocketeer.INFO: ["cd \/var\/www\/wpsite\/production\/releases\/20140226061042","git submodule update --init --recursive"] [] []
[2014-02-26 07:11:48] rocketeer.INFO: Submodule 'wp' (git://github.com/WordPress/WordPress.git) registered for path 'wp'
Cloning into 'wp'...
Submodule path 'wp': checked out '22bb60277036651db73dc872eaa7d2a50276b00d' [] []
[2014-02-26 07:11:48] rocketeer.INFO: ["ls \/var\/www\/wpsite\/production\/releases"] [] []
[2014-02-26 07:11:48] rocketeer.INFO: ["20140223062901","20140226060253","20140226061042","backup","wp-config.php"] [] []
[2014-02-26 07:11:48] rocketeer.INFO: ["ls \/var\/www\/wpsite\/production\/releases"] [] []
[2014-02-26 07:11:48] rocketeer.INFO: ["20140223062901","20140226060253","20140226061042","backup","wp-config.php"] [] []
[2014-02-26 07:11:48] rocketeer.INFO: ["ls \/var\/www\/wpsite\/production\/releases"] [] []
[2014-02-26 07:11:48] rocketeer.INFO: ["20140223062901","20140226060253","20140226061042","backup","wp-config.php"] [] []
[2014-02-26 07:11:48] rocketeer.INFO: ["ls \/var\/www\/wpsite\/production\/releases"] [] []
[2014-02-26 07:11:48] rocketeer.INFO: ["20140223062901","20140226060253","20140226061042","backup","wp-config.php"] [] []
[2014-02-26 07:11:49] rocketeer.INFO: ["cd \/var\/www\/wpsite\/production\/releases\/20140226061042","chmod -R 755 \/var\/www\/wpsite\/production\/releases\/20140226061042\/content\/uploads","chmod -R g+s \/var\/www\/wpsite\/production\/releases\/20140226061042\/content\/uploads"] [] []
[2014-02-26 07:11:49] rocketeer.INFO:  [] []
[2014-02-26 07:11:49] rocketeer.INFO: ["ls \/var\/www\/wpsite\/production\/releases"] [] []
[2014-02-26 07:11:49] rocketeer.INFO: ["20140223062901","20140226060253","20140226061042","backup","wp-config.php"] [] []
[2014-02-26 07:11:49] rocketeer.INFO: ["ls \/var\/www\/wpsite\/production\/releases"] [] []
[2014-02-26 07:11:49] rocketeer.INFO: ["20140223062901","20140226060253","20140226061042","backup","wp-config.php"] [] []
[2014-02-26 07:11:49] rocketeer.INFO: ["cd \/var\/www\/wpsite\/production\/releases\/20140226061042","chmod -R 755 \/var\/www\/wpsite\/production\/releases\/20140226061042\/content\/plugins","chmod -R g+s \/var\/www\/wpsite\/production\/releases\/20140226061042\/content\/plugins"] [] []
[2014-02-26 07:11:49] rocketeer.INFO:  [] []
[2014-02-26 07:11:49] rocketeer.INFO: ["ls \/var\/www\/wpsite\/production\/releases"] [] []
[2014-02-26 07:11:49] rocketeer.INFO: ["20140223062901","20140226060253","20140226061042","backup","wp-config.php"] [] []
[2014-02-26 07:11:49] rocketeer.INFO: ["ls \/var\/www\/wpsite\/production\/releases"] [] []
[2014-02-26 07:11:49] rocketeer.INFO: ["20140223062901","20140226060253","20140226061042","backup","wp-config.php"] [] []
[2014-02-26 07:11:49] rocketeer.INFO: ["cd \/var\/www\/wpsite\/production\/releases\/20140226061042","chmod -R 755 \/var\/www\/wpsite\/production\/releases\/20140226061042\/","chmod -R g+s \/var\/www\/wpsite\/production\/releases\/20140226061042\/"] [] []
[2014-02-26 07:11:49] rocketeer.INFO:  [] []
[2014-02-26 07:11:49] rocketeer.INFO: ["ls \/var\/www\/wpsite\/production\/releases"] [] []
[2014-02-26 07:11:49] rocketeer.INFO: ["20140223062901","20140226060253","20140226061042","backup","wp-config.php"] [] []
[2014-02-26 07:11:49] rocketeer.INFO: ["rm -rf \/var\/www\/wpsite\/production\/releases\/20140226061042\/content\/uploads"] [] []
[2014-02-26 07:11:49] rocketeer.INFO:  [] []
[2014-02-26 07:11:49] rocketeer.INFO: ["ln -s \/var\/www\/wpsite\/production\/shared\/content\/uploads \/var\/www\/wpsite\/production\/releases\/20140226061042\/content\/uploads"] [] []
[2014-02-26 07:11:49] rocketeer.INFO:  [] []
[2014-02-26 07:11:49] rocketeer.INFO: ["ls \/var\/www\/wpsite\/production\/releases"] [] []
[2014-02-26 07:11:49] rocketeer.INFO: ["20140223062901","20140226060253","20140226061042","backup","wp-config.php"] [] []
[2014-02-26 07:11:49] rocketeer.INFO: ["mv \/var\/www\/wpsite\/production\/releases\/20140226061042\/\/sessions \/var\/www\/wpsite\/production\/shared\/\/sessions"] [] []
[2014-02-26 07:11:49] rocketeer.INFO: mv: cannot stat `/var/www/wpsite/production/releases/20140226061042//sessions': No such file or directory [] []
[2014-02-26 07:11:49] rocketeer.INFO: ["ls \/var\/www\/wpsite\/production\/releases"] [] []
[2014-02-26 07:11:49] rocketeer.INFO: ["20140223062901","20140226060253","20140226061042","backup","wp-config.php"] [] []
[2014-02-26 07:11:50] rocketeer.INFO: ["rm -rf \/var\/www\/wpsite\/production\/current"] [] []
[2014-02-26 07:11:50] rocketeer.INFO:  [] []
[2014-02-26 07:11:50] rocketeer.INFO: ["ln -s \/var\/www\/wpsite\/production\/releases\/20140226061042 \/var\/www\/wpsite\/production\/current"] [] []
[2014-02-26 07:11:50] rocketeer.INFO:  [] []
[2014-02-26 07:11:50] rocketeer.INFO: ["ls \/var\/www\/wpsite\/production\/releases"] [] []
[2014-02-26 07:11:50] rocketeer.INFO: ["20140223062901","20140226060253","20140226061042","backup","wp-config.php"] [] []
[2014-02-26 07:11:50] rocketeer.INFO: ["ls \/var\/www\/wpsite\/production\/releases"] [] []
[2014-02-26 07:11:50] rocketeer.INFO: ["20140223062901","20140226060253","20140226061042","backup","wp-config.php"] [] []
[2014-02-26 07:11:50] rocketeer.INFO: ["ls \/var\/www\/wpsite\/production\/releases"] [] []
[2014-02-26 07:11:50] rocketeer.INFO: ["20140223062901","20140226060253","20140226061042","backup","wp-config.php"] [] []
[2014-02-26 07:11:50] rocketeer.INFO: ["cd \/var\/www\/wpsite\/production\/releases\/20140226061042","chown -R :www-data .\/"] [] []
[2014-02-26 07:11:50] rocketeer.INFO:  [] []
[2014-02-26 07:11:50] rocketeer.INFO: ["ls \/var\/www\/wpsite\/production\/releases"] [] []
[2014-02-26 07:11:50] rocketeer.INFO: ["20140223062901","20140226060253","20140226061042","backup","wp-config.php"] [] []
[2014-02-26 07:11:50] rocketeer.INFO: ["cd \/var\/www\/wpsite\/production\/releases\/20140226061042","chown -R :www-data ..\/..\/shared"] [] []
[2014-02-26 07:11:50] rocketeer.INFO:  [] []
[2014-02-26 07:11:50] rocketeer.INFO: ["ls \/var\/www\/wpsite\/production\/releases"] [] []
[2014-02-26 07:11:50] rocketeer.INFO: ["20140223062901","20140226060253","20140226061042","backup","wp-config.php"] [] []
[2014-02-26 07:11:50] rocketeer.INFO: ["ls \/var\/www\/wpsite\/production\/releases"] [] []
[2014-02-26 07:11:50] rocketeer.INFO: ["20140223062901","20140226060253","20140226061042","backup","wp-config.php"] [] []
[2014-02-26 07:11:50] rocketeer.INFO: ["ls \/var\/www\/wpsite\/production\/releases"] [] []
[2014-02-26 07:11:50] rocketeer.INFO: ["20140223062901","20140226060253","20140226061042","backup","wp-config.php"] [] []
[2014-02-26 07:11:51] rocketeer.INFO: ["rm -rf \/var\/www\/wpsite\/production\/releases\/20140223062901"] [] []
[2014-02-26 07:11:51] rocketeer.INFO:  [] []
[2014-02-26 07:18:29] rocketeer.INFO: ["ls \/var\/www\/wpsite\/production\/releases"] [] []
[2014-02-26 07:18:29] rocketeer.INFO: ["20140226060253","20140226061042","backup","wp-config.php"] [] []
[2014-02-26 07:18:29] rocketeer.INFO: ["cd \/var\/www\/wpsite\/production\/releases\/20140226061042","chown -R :www-data .\/"] [] []
[2014-02-26 07:18:29] rocketeer.INFO:  [] []
[2014-02-26 07:18:29] rocketeer.INFO: ["ls \/var\/www\/wpsite\/production\/releases"] [] []
[2014-02-26 07:18:29] rocketeer.INFO: ["20140226060253","20140226061042","backup","wp-config.php"] [] []
[2014-02-26 07:18:29] rocketeer.INFO: ["cd \/var\/www\/wpsite\/production\/releases\/20140226061042","chown -R :www-data ..\/..\/shared"] [] []
[2014-02-26 07:18:29] rocketeer.INFO:  [] []
[2014-02-26 07:20:06] rocketeer.INFO: ["ls \/var\/www\/wpsite\/production\/releases"] [] []
[2014-02-26 07:20:06] rocketeer.INFO: ["20140226060253","20140226061042","backup","wp-config.php"] [] []
[2014-02-26 07:20:06] rocketeer.INFO: ["cd \/var\/www\/wpsite\/production\/releases\/20140226061042","chown -R vagrant:www-data content\/uploads"] [] []
[2014-02-26 07:20:06] rocketeer.INFO:  [] []
[2014-02-26 07:20:36] rocketeer.INFO: ["ls \/var\/www\/wpsite\/production\/releases"] [] []
[2014-02-26 07:20:36] rocketeer.INFO: ["20140226060253","20140226061042","backup","wp-config.php"] [] []
[2014-02-26 07:20:36] rocketeer.INFO: ["cd \/var\/www\/wpsite\/production\/releases\/20140226061042","chown -R vagrant:www-data content\/uploads"] [] []
[2014-02-26 07:20:36] rocketeer.INFO:  [] []
[2014-02-26 07:22:49] rocketeer.INFO: ["ls \/var\/www\/wpsite\/production\/releases"] [] []
[2014-02-26 07:22:49] rocketeer.INFO: ["20140226060253","20140226061042","backup","wp-config.php"] [] []
[2014-02-26 07:22:50] rocketeer.INFO: ["ls \/var\/www\/wpsite\/production\/releases"] [] []
[2014-02-26 07:22:50] rocketeer.INFO: ["20140226060253","20140226061042","backup","wp-config.php"] [] []
[2014-02-26 07:22:54] rocketeer.INFO: ["git clone --depth 1 -b master \"https:\/\/github.com\/mykebates\/wpsite\" \/var\/www\/wpsite\/production\/releases\/20140226062250"] [] []
[2014-02-26 07:22:54] rocketeer.INFO: Cloning into '/var/www/wpsite/production/releases/20140226062250'... [] []
[2014-02-26 07:22:54] rocketeer.INFO: ["ls \/var\/www\/wpsite\/production\/releases"] [] []
[2014-02-26 07:22:54] rocketeer.INFO: ["20140226060253","20140226061042","20140226062250","backup","wp-config.php"] [] []
[2014-02-26 07:23:37] rocketeer.INFO: ["cd \/var\/www\/wpsite\/production\/releases\/20140226062250","git submodule update --init --recursive"] [] []
[2014-02-26 07:23:37] rocketeer.INFO: Submodule 'wp' (git://github.com/WordPress/WordPress.git) registered for path 'wp'
Cloning into 'wp'...
Submodule path 'wp': checked out '22bb60277036651db73dc872eaa7d2a50276b00d' [] []
[2014-02-26 07:23:37] rocketeer.INFO: ["ls \/var\/www\/wpsite\/production\/releases"] [] []
[2014-02-26 07:23:37] rocketeer.INFO: ["20140226060253","20140226061042","20140226062250","backup","wp-config.php"] [] []
[2014-02-26 07:23:37] rocketeer.INFO: ["ls \/var\/www\/wpsite\/production\/releases"] [] []
[2014-02-26 07:23:37] rocketeer.INFO: ["20140226060253","20140226061042","20140226062250","backup","wp-config.php"] [] []
[2014-02-26 07:23:37] rocketeer.INFO: ["ls \/var\/www\/wpsite\/production\/releases"] [] []
[2014-02-26 07:23:37] rocketeer.INFO: ["20140226060253","20140226061042","20140226062250","backup","wp-config.php"] [] []
[2014-02-26 07:23:37] rocketeer.INFO: ["ls \/var\/www\/wpsite\/production\/releases"] [] []
[2014-02-26 07:23:37] rocketeer.INFO: ["20140226060253","20140226061042","20140226062250","backup","wp-config.php"] [] []
[2014-02-26 07:23:37] rocketeer.INFO: ["cd \/var\/www\/wpsite\/production\/releases\/20140226062250","chmod -R 755 \/var\/www\/wpsite\/production\/releases\/20140226062250\/content\/uploads","chmod -R g+s \/var\/www\/wpsite\/production\/releases\/20140226062250\/content\/uploads"] [] []
[2014-02-26 07:23:37] rocketeer.INFO:  [] []
[2014-02-26 07:23:37] rocketeer.INFO: ["ls \/var\/www\/wpsite\/production\/releases"] [] []
[2014-02-26 07:23:37] rocketeer.INFO: ["20140226060253","20140226061042","20140226062250","backup","wp-config.php"] [] []
[2014-02-26 07:23:37] rocketeer.INFO: ["ls \/var\/www\/wpsite\/production\/releases"] [] []
[2014-02-26 07:23:37] rocketeer.INFO: ["20140226060253","20140226061042","20140226062250","backup","wp-config.php"] [] []
[2014-02-26 07:23:37] rocketeer.INFO: ["cd \/var\/www\/wpsite\/production\/releases\/20140226062250","chmod -R 755 \/var\/www\/wpsite\/production\/releases\/20140226062250\/content\/plugins","chmod -R g+s \/var\/www\/wpsite\/production\/releases\/20140226062250\/content\/plugins"] [] []
[2014-02-26 07:23:37] rocketeer.INFO:  [] []
[2014-02-26 07:23:37] rocketeer.INFO: ["ls \/var\/www\/wpsite\/production\/releases"] [] []
[2014-02-26 07:23:37] rocketeer.INFO: ["20140226060253","20140226061042","20140226062250","backup","wp-config.php"] [] []
[2014-02-26 07:23:37] rocketeer.INFO: ["ls \/var\/www\/wpsite\/production\/releases"] [] []
[2014-02-26 07:23:37] rocketeer.INFO: ["20140226060253","20140226061042","20140226062250","backup","wp-config.php"] [] []
[2014-02-26 07:23:37] rocketeer.INFO: ["cd \/var\/www\/wpsite\/production\/releases\/20140226062250","chmod -R 755 \/var\/www\/wpsite\/production\/releases\/20140226062250\/","chmod -R g+s \/var\/www\/wpsite\/production\/releases\/20140226062250\/"] [] []
[2014-02-26 07:23:37] rocketeer.INFO:  [] []
[2014-02-26 07:23:37] rocketeer.INFO: ["ls \/var\/www\/wpsite\/production\/releases"] [] []
[2014-02-26 07:23:37] rocketeer.INFO: ["20140226060253","20140226061042","20140226062250","backup","wp-config.php"] [] []
[2014-02-26 07:23:38] rocketeer.INFO: ["rm -rf \/var\/www\/wpsite\/production\/releases\/20140226062250\/content\/uploads"] [] []
[2014-02-26 07:23:38] rocketeer.INFO:  [] []
[2014-02-26 07:23:38] rocketeer.INFO: ["ln -s \/var\/www\/wpsite\/production\/shared\/content\/uploads \/var\/www\/wpsite\/production\/releases\/20140226062250\/content\/uploads"] [] []
[2014-02-26 07:23:38] rocketeer.INFO:  [] []
[2014-02-26 07:23:38] rocketeer.INFO: ["ls \/var\/www\/wpsite\/production\/releases"] [] []
[2014-02-26 07:23:38] rocketeer.INFO: ["20140226060253","20140226061042","20140226062250","backup","wp-config.php"] [] []
[2014-02-26 07:23:38] rocketeer.INFO: ["mv \/var\/www\/wpsite\/production\/releases\/20140226062250\/\/sessions \/var\/www\/wpsite\/production\/shared\/\/sessions"] [] []
[2014-02-26 07:23:38] rocketeer.INFO: mv: cannot stat `/var/www/wpsite/production/releases/20140226062250//sessions': No such file or directory [] []
[2014-02-26 07:23:38] rocketeer.INFO: ["ls \/var\/www\/wpsite\/production\/releases"] [] []
[2014-02-26 07:23:38] rocketeer.INFO: ["20140226060253","20140226061042","20140226062250","backup","wp-config.php"] [] []
[2014-02-26 07:23:38] rocketeer.INFO: ["rm -rf \/var\/www\/wpsite\/production\/current"] [] []
[2014-02-26 07:23:38] rocketeer.INFO:  [] []
[2014-02-26 07:23:38] rocketeer.INFO: ["ln -s \/var\/www\/wpsite\/production\/releases\/20140226062250 \/var\/www\/wpsite\/production\/current"] [] []
[2014-02-26 07:23:38] rocketeer.INFO:  [] []
[2014-02-26 07:23:38] rocketeer.INFO: ["ls \/var\/www\/wpsite\/production\/releases"] [] []
[2014-02-26 07:23:38] rocketeer.INFO: ["20140226060253","20140226061042","20140226062250","backup","wp-config.php"] [] []
[2014-02-26 07:23:38] rocketeer.INFO: ["ls \/var\/www\/wpsite\/production\/releases"] [] []
[2014-02-26 07:23:38] rocketeer.INFO: ["20140226060253","20140226061042","20140226062250","backup","wp-config.php"] [] []
[2014-02-26 07:23:39] rocketeer.INFO: ["ls \/var\/www\/wpsite\/production\/releases"] [] []
[2014-02-26 07:23:39] rocketeer.INFO: ["20140226060253","20140226061042","20140226062250","backup","wp-config.php"] [] []
[2014-02-26 07:23:39] rocketeer.INFO: ["cd \/var\/www\/wpsite\/production\/releases\/20140226062250","chown -R :www-data .\/"] [] []
[2014-02-26 07:23:39] rocketeer.INFO:  [] []
[2014-02-26 07:23:39] rocketeer.INFO: ["ls \/var\/www\/wpsite\/production\/releases"] [] []
[2014-02-26 07:23:39] rocketeer.INFO: ["20140226060253","20140226061042","20140226062250","backup","wp-config.php"] [] []
[2014-02-26 07:23:39] rocketeer.INFO: ["cd \/var\/www\/wpsite\/production\/releases\/20140226062250","chown -R :www-data ..\/..\/shared"] [] []
[2014-02-26 07:23:39] rocketeer.INFO:  [] []
[2014-02-26 07:23:39] rocketeer.INFO: ["ls \/var\/www\/wpsite\/production\/releases"] [] []
[2014-02-26 07:23:39] rocketeer.INFO: ["20140226060253","20140226061042","20140226062250","backup","wp-config.php"] [] []
[2014-02-26 07:23:39] rocketeer.INFO: ["ls \/var\/www\/wpsite\/production\/releases"] [] []
[2014-02-26 07:23:39] rocketeer.INFO: ["20140226060253","20140226061042","20140226062250","backup","wp-config.php"] [] []
[2014-02-26 07:23:39] rocketeer.INFO: ["ls \/var\/www\/wpsite\/production\/releases"] [] []
[2014-02-26 07:23:39] rocketeer.INFO: ["20140226060253","20140226061042","20140226062250","backup","wp-config.php"] [] []
[2014-02-26 07:23:39] rocketeer.INFO: ["rm -rf \/var\/www\/wpsite\/production\/releases\/20140226060253"] [] []
[2014-02-26 07:23:39] rocketeer.INFO:  [] []
[2014-02-26 07:24:30] rocketeer.INFO: ["ls \/var\/www\/wpsite\/production\/releases"] [] []
[2014-02-26 07:24:30] rocketeer.INFO: ["20140226061042","20140226062250","backup","wp-config.php"] [] []
[2014-02-26 07:24:30] rocketeer.INFO: ["cd \/var\/www\/wpsite\/production\/releases\/20140226062250","chown -R vagrant:www-data content\/uploads"] [] []
[2014-02-26 07:24:30] rocketeer.INFO:  [] []
[2014-02-26 07:25:21] rocketeer.INFO: ["ls \/var\/www\/wpsite\/production\/releases"] [] []
[2014-02-26 07:25:21] rocketeer.INFO: ["20140226061042","20140226062250","backup","wp-config.php"] [] []
[2014-02-26 07:25:21] rocketeer.INFO: ["ls \/var\/www\/wpsite\/production\/releases"] [] []
[2014-02-26 07:25:21] rocketeer.INFO: ["20140226061042","20140226062250","backup","wp-config.php"] [] []
[2014-02-26 07:25:25] rocketeer.INFO: ["git clone --depth 1 -b master \"https:\/\/github.com\/mykebates\/wpsite\" \/var\/www\/wpsite\/production\/releases\/20140226062521"] [] []
[2014-02-26 07:25:25] rocketeer.INFO: Cloning into '/var/www/wpsite/production/releases/20140226062521'... [] []
[2014-02-26 07:25:25] rocketeer.INFO: ["ls \/var\/www\/wpsite\/production\/releases"] [] []
[2014-02-26 07:25:25] rocketeer.INFO: ["20140226061042","20140226062250","20140226062521","backup","wp-config.php"] [] []
[2014-02-26 07:26:09] rocketeer.INFO: ["cd \/var\/www\/wpsite\/production\/releases\/20140226062521","git submodule update --init --recursive"] [] []
[2014-02-26 07:26:09] rocketeer.INFO: Submodule 'wp' (git://github.com/WordPress/WordPress.git) registered for path 'wp'
Cloning into 'wp'...
Submodule path 'wp': checked out '22bb60277036651db73dc872eaa7d2a50276b00d' [] []
[2014-02-26 07:26:09] rocketeer.INFO: ["ls \/var\/www\/wpsite\/production\/releases"] [] []
[2014-02-26 07:26:09] rocketeer.INFO: ["20140226061042","20140226062250","20140226062521","backup","wp-config.php"] [] []
[2014-02-26 07:26:09] rocketeer.INFO: ["ls \/var\/www\/wpsite\/production\/releases"] [] []
[2014-02-26 07:26:09] rocketeer.INFO: ["20140226061042","20140226062250","20140226062521","backup","wp-config.php"] [] []
[2014-02-26 07:26:09] rocketeer.INFO: ["ls \/var\/www\/wpsite\/production\/releases"] [] []
[2014-02-26 07:26:09] rocketeer.INFO: ["20140226061042","20140226062250","20140226062521","backup","wp-config.php"] [] []
[2014-02-26 07:26:09] rocketeer.INFO: ["ls \/var\/www\/wpsite\/production\/releases"] [] []
[2014-02-26 07:26:09] rocketeer.INFO: ["20140226061042","20140226062250","20140226062521","backup","wp-config.php"] [] []
[2014-02-26 07:26:09] rocketeer.INFO: ["cd \/var\/www\/wpsite\/production\/releases\/20140226062521","chmod -R 755 \/var\/www\/wpsite\/production\/releases\/20140226062521\/content\/uploads","chmod -R g+s \/var\/www\/wpsite\/production\/releases\/20140226062521\/content\/uploads"] [] []
[2014-02-26 07:26:09] rocketeer.INFO:  [] []
[2014-02-26 07:26:09] rocketeer.INFO: ["ls \/var\/www\/wpsite\/production\/releases"] [] []
[2014-02-26 07:26:09] rocketeer.INFO: ["20140226061042","20140226062250","20140226062521","backup","wp-config.php"] [] []
[2014-02-26 07:26:09] rocketeer.INFO: ["ls \/var\/www\/wpsite\/production\/releases"] [] []
[2014-02-26 07:26:09] rocketeer.INFO: ["20140226061042","20140226062250","20140226062521","backup","wp-config.php"] [] []
[2014-02-26 07:26:09] rocketeer.INFO: ["cd \/var\/www\/wpsite\/production\/releases\/20140226062521","chmod -R 755 \/var\/www\/wpsite\/production\/releases\/20140226062521\/content\/plugins","chmod -R g+s \/var\/www\/wpsite\/production\/releases\/20140226062521\/content\/plugins"] [] []
[2014-02-26 07:26:09] rocketeer.INFO:  [] []
[2014-02-26 07:26:09] rocketeer.INFO: ["ls \/var\/www\/wpsite\/production\/releases"] [] []
[2014-02-26 07:26:09] rocketeer.INFO: ["20140226061042","20140226062250","20140226062521","backup","wp-config.php"] [] []
[2014-02-26 07:26:09] rocketeer.INFO: ["ls \/var\/www\/wpsite\/production\/releases"] [] []
[2014-02-26 07:26:09] rocketeer.INFO: ["20140226061042","20140226062250","20140226062521","backup","wp-config.php"] [] []
[2014-02-26 07:26:09] rocketeer.INFO: ["cd \/var\/www\/wpsite\/production\/releases\/20140226062521","chmod -R 755 \/var\/www\/wpsite\/production\/releases\/20140226062521\/","chmod -R g+s \/var\/www\/wpsite\/production\/releases\/20140226062521\/"] [] []
[2014-02-26 07:26:09] rocketeer.INFO:  [] []
[2014-02-26 07:26:09] rocketeer.INFO: ["ls \/var\/www\/wpsite\/production\/releases"] [] []
[2014-02-26 07:26:09] rocketeer.INFO: ["20140226061042","20140226062250","20140226062521","backup","wp-config.php"] [] []
[2014-02-26 07:26:09] rocketeer.INFO: ["rm -rf \/var\/www\/wpsite\/production\/releases\/20140226062521\/content\/uploads"] [] []
[2014-02-26 07:26:09] rocketeer.INFO:  [] []
[2014-02-26 07:26:09] rocketeer.INFO: ["ln -s \/var\/www\/wpsite\/production\/shared\/content\/uploads \/var\/www\/wpsite\/production\/releases\/20140226062521\/content\/uploads"] [] []
[2014-02-26 07:26:09] rocketeer.INFO:  [] []
[2014-02-26 07:26:10] rocketeer.INFO: ["ls \/var\/www\/wpsite\/production\/releases"] [] []
[2014-02-26 07:26:10] rocketeer.INFO: ["20140226061042","20140226062250","20140226062521","backup","wp-config.php"] [] []
[2014-02-26 07:26:10] rocketeer.INFO: ["mv \/var\/www\/wpsite\/production\/releases\/20140226062521\/\/sessions \/var\/www\/wpsite\/production\/shared\/\/sessions"] [] []
[2014-02-26 07:26:10] rocketeer.INFO: mv: cannot stat `/var/www/wpsite/production/releases/20140226062521//sessions': No such file or directory [] []
[2014-02-26 07:26:10] rocketeer.INFO: ["ls \/var\/www\/wpsite\/production\/releases"] [] []
[2014-02-26 07:26:10] rocketeer.INFO: ["20140226061042","20140226062250","20140226062521","backup","wp-config.php"] [] []
[2014-02-26 07:26:10] rocketeer.INFO: ["rm -rf \/var\/www\/wpsite\/production\/current"] [] []
[2014-02-26 07:26:10] rocketeer.INFO:  [] []
[2014-02-26 07:26:10] rocketeer.INFO: ["ln -s \/var\/www\/wpsite\/production\/releases\/20140226062521 \/var\/www\/wpsite\/production\/current"] [] []
[2014-02-26 07:26:10] rocketeer.INFO:  [] []
[2014-02-26 07:26:10] rocketeer.INFO: ["ls \/var\/www\/wpsite\/production\/releases"] [] []
[2014-02-26 07:26:10] rocketeer.INFO: ["20140226061042","20140226062250","20140226062521","backup","wp-config.php"] [] []
[2014-02-26 07:26:10] rocketeer.INFO: ["ls \/var\/www\/wpsite\/production\/releases"] [] []
[2014-02-26 07:26:10] rocketeer.INFO: ["20140226061042","20140226062250","20140226062521","backup","wp-config.php"] [] []
[2014-02-26 07:26:10] rocketeer.INFO: ["ls \/var\/www\/wpsite\/production\/releases"] [] []
[2014-02-26 07:26:10] rocketeer.INFO: ["20140226061042","20140226062250","20140226062521","backup","wp-config.php"] [] []
[2014-02-26 07:26:10] rocketeer.INFO: ["cd \/var\/www\/wpsite\/production\/releases\/20140226062521","chown -R :www-data .\/"] [] []
[2014-02-26 07:26:10] rocketeer.INFO:  [] []
[2014-02-26 07:26:10] rocketeer.INFO: ["ls \/var\/www\/wpsite\/production\/releases"] [] []
[2014-02-26 07:26:10] rocketeer.INFO: ["20140226061042","20140226062250","20140226062521","backup","wp-config.php"] [] []
[2014-02-26 07:26:10] rocketeer.INFO: ["cd \/var\/www\/wpsite\/production\/releases\/20140226062521","chown -R :www-data ..\/..\/shared"] [] []
[2014-02-26 07:26:10] rocketeer.INFO:  [] []
[2014-02-26 07:26:10] rocketeer.INFO: ["ls \/var\/www\/wpsite\/production\/releases"] [] []
[2014-02-26 07:26:10] rocketeer.INFO: ["20140226061042","20140226062250","20140226062521","backup","wp-config.php"] [] []
[2014-02-26 07:26:10] rocketeer.INFO: ["ls \/var\/www\/wpsite\/production\/releases"] [] []
[2014-02-26 07:26:10] rocketeer.INFO: ["20140226061042","20140226062250","20140226062521","backup","wp-config.php"] [] []
[2014-02-26 07:26:11] rocketeer.INFO: ["ls \/var\/www\/wpsite\/production\/releases"] [] []
[2014-02-26 07:26:11] rocketeer.INFO: ["20140226061042","20140226062250","20140226062521","backup","wp-config.php"] [] []
[2014-02-26 07:26:11] rocketeer.INFO: ["rm -rf \/var\/www\/wpsite\/production\/releases\/20140226061042"] [] []
[2014-02-26 07:26:11] rocketeer.INFO:  [] []
[2014-02-26 07:27:26] rocketeer.INFO: ["ls \/var\/www\/wpsite\/production\/releases"] [] []
[2014-02-26 07:27:26] rocketeer.INFO: ["20140226062250","20140226062521","backup","wp-config.php"] [] []
[2014-02-26 07:27:26] rocketeer.INFO: ["cd \/var\/www\/wpsite\/production\/releases\/20140226062521","chown -R vagrant:www-data content\/uploads"] [] []
[2014-02-26 07:27:26] rocketeer.INFO:  [] []
[2014-02-26 07:29:17] rocketeer.INFO: ["ls \/var\/www\/wpsite\/production\/releases"] [] []
[2014-02-26 07:29:17] rocketeer.INFO: ["20140226062250","20140226062521","backup","wp-config.php"] [] []
[2014-02-26 07:29:17] rocketeer.INFO: ["cd \/var\/www\/wpsite\/production\/releases\/20140226062521","chown -R vagrant:www-data content\/uploads"] [] []
[2014-02-26 07:29:17] rocketeer.INFO:  [] []
[2014-02-26 07:29:32] rocketeer.INFO: ["ls \/var\/www\/wpsite\/production\/releases"] [] []
[2014-02-26 07:29:32] rocketeer.INFO: ["20140226062250","20140226062521","backup","wp-config.php"] [] []
[2014-02-26 07:29:32] rocketeer.INFO: ["cd \/var\/www\/wpsite\/production\/releases\/20140226062521","chown -R vagrant:www-data content\/uploads"] [] []
[2014-02-26 07:29:32] rocketeer.INFO:  [] []
[2014-02-26 07:30:48] rocketeer.INFO: ["ls \/var\/www\/wpsite\/production\/releases"] [] []
[2014-02-26 07:30:49] rocketeer.INFO: ["20140226062250","20140226062521","backup","wp-config.php"] [] []
[2014-02-26 07:30:49] rocketeer.INFO: ["cd \/var\/www\/wpsite\/production\/releases\/20140226062521","chown -R vagrant:www-data content\/uploads"] [] []
[2014-02-26 07:30:49] rocketeer.INFO:  [] []
[2014-02-26 07:31:52] rocketeer.INFO: ["ls \/var\/www\/wpsite\/production\/releases"] [] []
[2014-02-26 07:31:52] rocketeer.INFO: ["20140226062250","20140226062521","backup","wp-config.php"] [] []
[2014-02-26 07:31:52] rocketeer.INFO: ["cd \/var\/www\/wpsite\/production\/releases\/20140226062521","chown -R vagrant:www-data content\/uploads"] [] []
[2014-02-26 07:31:52] rocketeer.INFO:  [] []
[2014-02-26 07:34:06] rocketeer.INFO: ["ls \/var\/www\/wpsite\/production\/releases"] [] []
[2014-02-26 07:34:06] rocketeer.INFO: ["20140226062250","20140226062521","backup","wp-config.php"] [] []
[2014-02-26 07:34:06] rocketeer.INFO: ["cd \/var\/www\/wpsite\/production\/releases\/20140226062521","chown -R vagrant:www-data content\/uploads"] [] []
[2014-02-26 07:34:06] rocketeer.INFO:  [] []
[2014-02-26 07:35:31] rocketeer.INFO: ["ls \/var\/www\/wpsite\/production\/releases"] [] []
[2014-02-26 07:35:31] rocketeer.INFO: ["20140226062250","20140226062521","backup","wp-config.php"] [] []
[2014-02-26 07:35:31] rocketeer.INFO: ["cd \/var\/www\/wpsite\/production\/releases\/20140226062521","chown -R vagrant:www-data content\/uploads"] [] []
[2014-02-26 07:35:31] rocketeer.INFO:  [] []
[2014-02-26 07:36:51] rocketeer.INFO: ["ls \/var\/www\/wpsite\/production\/releases"] [] []
[2014-02-26 07:36:51] rocketeer.INFO: ["20140226062250","20140226062521","backup","wp-config.php"] [] []
[2014-02-26 07:36:51] rocketeer.INFO: ["cd \/var\/www\/wpsite\/production\/releases\/20140226062521","chown -R vagrant:www-data content\/uploads"] [] []
[2014-02-26 07:36:51] rocketeer.INFO:  [] []
[2014-02-26 07:36:51] rocketeer.INFO: ["ls \/var\/www\/wpsite\/production\/releases"] [] []
[2014-02-26 07:36:51] rocketeer.INFO: ["20140226062250","20140226062521","backup","wp-config.php"] [] []
[2014-02-26 07:36:51] rocketeer.INFO: ["cd \/var\/www\/wpsite\/production\/releases\/20140226062521","pwd"] [] []
[2014-02-26 07:36:51] rocketeer.INFO: /var/www/wpsite/production/releases/20140226062521 [] []
[2014-02-26 07:39:16] rocketeer.INFO: ["ls \/var\/www\/wpsite\/production\/releases"] [] []
[2014-02-26 07:39:16] rocketeer.INFO: ["20140226062250","20140226062521","backup","wp-config.php"] [] []
[2014-02-26 07:39:16] rocketeer.INFO: ["cd \/var\/www\/wpsite\/production\/releases\/20140226062521","chown -R vagrant:www-data content\/uploads"] [] []
[2014-02-26 07:39:16] rocketeer.INFO:  [] []
[2014-02-26 07:39:16] rocketeer.INFO: ["ls \/var\/www\/wpsite\/production\/releases"] [] []
[2014-02-26 07:39:16] rocketeer.INFO: ["20140226062250","20140226062521","backup","wp-config.php"] [] []
[2014-02-26 07:39:16] rocketeer.INFO: ["cd \/var\/www\/wpsite\/production\/releases\/20140226062521","pwd"] [] []
[2014-02-26 07:39:16] rocketeer.INFO: /var/www/wpsite/production/releases/20140226062521 [] []
[2014-02-26 07:40:05] rocketeer.INFO: ["ls \/var\/www\/wpsite\/production\/releases"] [] []
[2014-02-26 07:40:05] rocketeer.INFO: ["20140226062250","20140226062521","backup","wp-config.php"] [] []
[2014-02-26 07:40:05] rocketeer.INFO: ["cd \/var\/www\/wpsite\/production\/releases\/20140226062521","sudo chown -R vagrant:www-data content\/uploads"] [] []
[2014-02-26 07:40:05] rocketeer.INFO:  [] []
[2014-02-26 07:41:51] rocketeer.INFO: ["ls \/var\/www\/wpsite\/production\/releases"] [] []
[2014-02-26 07:41:51] rocketeer.INFO: ["20140226062250","20140226062521","backup","wp-config.php"] [] []
[2014-02-26 07:41:51] rocketeer.INFO: ["cd \/var\/www\/wpsite\/production\/releases\/20140226062521","sudo chown -R vagrant:www-data content\/uploads"] [] []
[2014-02-26 07:41:51] rocketeer.INFO:  [] []
[2014-02-26 07:42:08] rocketeer.INFO: ["ls \/var\/www\/wpsite\/production\/releases"] [] []
[2014-02-26 07:42:08] rocketeer.INFO: ["20140226062250","20140226062521","backup","wp-config.php"] [] []
[2014-02-26 07:42:08] rocketeer.INFO: ["cd \/var\/www\/wpsite\/production\/releases\/20140226062521","sudo chown -R vagrant:www-data content\/uploads"] [] []
[2014-02-26 07:42:08] rocketeer.INFO:  [] []
[2014-02-26 07:49:43] rocketeer.INFO: ["ls \/var\/www\/wpsite\/production\/releases"] [] []
[2014-02-26 07:49:43] rocketeer.INFO: ["20140226062250","20140226062521","backup","wp-config.php"] [] []
[2014-02-26 07:49:43] rocketeer.INFO: ["ls \/var\/www\/wpsite\/production\/releases"] [] []
[2014-02-26 07:49:43] rocketeer.INFO: ["20140226062250","20140226062521","backup","wp-config.php"] [] []
[2014-02-26 07:49:46] rocketeer.INFO: ["git clone --depth 1 -b master \"https:\/\/github.com\/mykebates\/wpsite\" \/var\/www\/wpsite\/production\/releases\/20140226064943"] [] []
[2014-02-26 07:49:46] rocketeer.INFO: Cloning into '/var/www/wpsite/production/releases/20140226064943'... [] []
[2014-02-26 07:49:46] rocketeer.INFO: ["ls \/var\/www\/wpsite\/production\/releases"] [] []
[2014-02-26 07:49:46] rocketeer.INFO: ["20140226062250","20140226062521","20140226064943","backup","wp-config.php"] [] []
[2014-02-26 07:50:27] rocketeer.INFO: ["cd \/var\/www\/wpsite\/production\/releases\/20140226064943","git submodule update --init --recursive"] [] []
[2014-02-26 07:50:27] rocketeer.INFO: Submodule 'wp' (git://github.com/WordPress/WordPress.git) registered for path 'wp'
Cloning into 'wp'...
Submodule path 'wp': checked out '22bb60277036651db73dc872eaa7d2a50276b00d' [] []
[2014-02-26 07:50:28] rocketeer.INFO: ["ls \/var\/www\/wpsite\/production\/releases"] [] []
[2014-02-26 07:50:28] rocketeer.INFO: ["20140226062250","20140226062521","20140226064943","backup","wp-config.php"] [] []
[2014-02-26 07:50:28] rocketeer.INFO: ["ls \/var\/www\/wpsite\/production\/releases"] [] []
[2014-02-26 07:50:28] rocketeer.INFO: ["20140226062250","20140226062521","20140226064943","backup","wp-config.php"] [] []
[2014-02-26 07:50:28] rocketeer.INFO: ["ls \/var\/www\/wpsite\/production\/releases"] [] []
[2014-02-26 07:50:28] rocketeer.INFO: ["20140226062250","20140226062521","20140226064943","backup","wp-config.php"] [] []
[2014-02-26 07:50:28] rocketeer.INFO: ["ls \/var\/www\/wpsite\/production\/releases"] [] []
[2014-02-26 07:50:28] rocketeer.INFO: ["20140226062250","20140226062521","20140226064943","backup","wp-config.php"] [] []
[2014-02-26 07:50:28] rocketeer.INFO: ["cd \/var\/www\/wpsite\/production\/releases\/20140226064943","chmod -R 755 \/var\/www\/wpsite\/production\/releases\/20140226064943\/content\/uploads","chmod -R g+s \/var\/www\/wpsite\/production\/releases\/20140226064943\/content\/uploads"] [] []
[2014-02-26 07:50:28] rocketeer.INFO:  [] []
[2014-02-26 07:50:28] rocketeer.INFO: ["ls \/var\/www\/wpsite\/production\/releases"] [] []
[2014-02-26 07:50:28] rocketeer.INFO: ["20140226062250","20140226062521","20140226064943","backup","wp-config.php"] [] []
[2014-02-26 07:50:28] rocketeer.INFO: ["ls \/var\/www\/wpsite\/production\/releases"] [] []
[2014-02-26 07:50:28] rocketeer.INFO: ["20140226062250","20140226062521","20140226064943","backup","wp-config.php"] [] []
[2014-02-26 07:50:28] rocketeer.INFO: ["cd \/var\/www\/wpsite\/production\/releases\/20140226064943","chmod -R 755 \/var\/www\/wpsite\/production\/releases\/20140226064943\/content\/plugins","chmod -R g+s \/var\/www\/wpsite\/production\/releases\/20140226064943\/content\/plugins"] [] []
[2014-02-26 07:50:28] rocketeer.INFO:  [] []
[2014-02-26 07:50:28] rocketeer.INFO: ["ls \/var\/www\/wpsite\/production\/releases"] [] []
[2014-02-26 07:50:28] rocketeer.INFO: ["20140226062250","20140226062521","20140226064943","backup","wp-config.php"] [] []
[2014-02-26 07:50:28] rocketeer.INFO: ["ls \/var\/www\/wpsite\/production\/releases"] [] []
[2014-02-26 07:50:28] rocketeer.INFO: ["20140226062250","20140226062521","20140226064943","backup","wp-config.php"] [] []
[2014-02-26 07:50:28] rocketeer.INFO: ["cd \/var\/www\/wpsite\/production\/releases\/20140226064943","chmod -R 755 \/var\/www\/wpsite\/production\/releases\/20140226064943\/","chmod -R g+s \/var\/www\/wpsite\/production\/releases\/20140226064943\/"] [] []
[2014-02-26 07:50:28] rocketeer.INFO:  [] []
[2014-02-26 07:50:28] rocketeer.INFO: ["ls \/var\/www\/wpsite\/production\/releases"] [] []
[2014-02-26 07:50:28] rocketeer.INFO: ["20140226062250","20140226062521","20140226064943","backup","wp-config.php"] [] []
[2014-02-26 07:50:28] rocketeer.INFO: ["rm -rf \/var\/www\/wpsite\/production\/releases\/20140226064943\/content\/uploads"] [] []
[2014-02-26 07:50:28] rocketeer.INFO:  [] []
[2014-02-26 07:50:28] rocketeer.INFO: ["ln -s \/var\/www\/wpsite\/production\/shared\/content\/uploads \/var\/www\/wpsite\/production\/releases\/20140226064943\/content\/uploads"] [] []
[2014-02-26 07:50:28] rocketeer.INFO:  [] []
[2014-02-26 07:50:28] rocketeer.INFO: ["ls \/var\/www\/wpsite\/production\/releases"] [] []
[2014-02-26 07:50:28] rocketeer.INFO: ["20140226062250","20140226062521","20140226064943","backup","wp-config.php"] [] []
[2014-02-26 07:50:28] rocketeer.INFO: ["mv \/var\/www\/wpsite\/production\/releases\/20140226064943\/\/sessions \/var\/www\/wpsite\/production\/shared\/\/sessions"] [] []
[2014-02-26 07:50:28] rocketeer.INFO: mv: cannot stat `/var/www/wpsite/production/releases/20140226064943//sessions': No such file or directory [] []
[2014-02-26 07:50:29] rocketeer.INFO: ["ls \/var\/www\/wpsite\/production\/releases"] [] []
[2014-02-26 07:50:29] rocketeer.INFO: ["20140226062250","20140226062521","20140226064943","backup","wp-config.php"] [] []
[2014-02-26 07:50:29] rocketeer.INFO: ["rm -rf \/var\/www\/wpsite\/production\/current"] [] []
[2014-02-26 07:50:29] rocketeer.INFO:  [] []
[2014-02-26 07:50:29] rocketeer.INFO: ["ln -s \/var\/www\/wpsite\/production\/releases\/20140226064943 \/var\/www\/wpsite\/production\/current"] [] []
[2014-02-26 07:50:29] rocketeer.INFO:  [] []
[2014-02-26 07:50:29] rocketeer.INFO: ["ls \/var\/www\/wpsite\/production\/releases"] [] []
[2014-02-26 07:50:29] rocketeer.INFO: ["20140226062250","20140226062521","20140226064943","backup","wp-config.php"] [] []
[2014-02-26 07:50:29] rocketeer.INFO: ["ls \/var\/www\/wpsite\/production\/releases"] [] []
[2014-02-26 07:50:29] rocketeer.INFO: ["20140226062250","20140226062521","20140226064943","backup","wp-config.php"] [] []
[2014-02-26 07:50:29] rocketeer.INFO: ["ls \/var\/www\/wpsite\/production\/releases"] [] []
[2014-02-26 07:50:29] rocketeer.INFO: ["20140226062250","20140226062521","20140226064943","backup","wp-config.php"] [] []
[2014-02-26 07:50:29] rocketeer.INFO: ["cd \/var\/www\/wpsite\/production\/releases\/20140226064943","chown -R :www-data .\/"] [] []
[2014-02-26 07:50:29] rocketeer.INFO:  [] []
[2014-02-26 07:50:29] rocketeer.INFO: ["ls \/var\/www\/wpsite\/production\/releases"] [] []
[2014-02-26 07:50:29] rocketeer.INFO: ["20140226062250","20140226062521","20140226064943","backup","wp-config.php"] [] []
[2014-02-26 07:50:29] rocketeer.INFO: ["cd \/var\/www\/wpsite\/production\/releases\/20140226064943","chown -R :www-data ..\/..\/shared"] [] []
[2014-02-26 07:50:29] rocketeer.INFO:  [] []
[2014-02-26 07:50:30] rocketeer.INFO: ["ls \/var\/www\/wpsite\/production\/releases"] [] []
[2014-02-26 07:50:30] rocketeer.INFO: ["20140226062250","20140226062521","20140226064943","backup","wp-config.php"] [] []
[2014-02-26 07:50:30] rocketeer.INFO: ["ls \/var\/www\/wpsite\/production\/releases"] [] []
[2014-02-26 07:50:30] rocketeer.INFO: ["20140226062250","20140226062521","20140226064943","backup","wp-config.php"] [] []
[2014-02-26 07:50:30] rocketeer.INFO: ["ls \/var\/www\/wpsite\/production\/releases"] [] []
[2014-02-26 07:50:30] rocketeer.INFO: ["20140226062250","20140226062521","20140226064943","backup","wp-config.php"] [] []
[2014-02-26 07:50:30] rocketeer.INFO: ["rm -rf \/var\/www\/wpsite\/production\/releases\/20140226062250"] [] []
[2014-02-26 07:50:30] rocketeer.INFO:  [] []
[2014-02-26 07:52:57] rocketeer.INFO: ["ls \/var\/www\/wpsite\/production\/releases"] [] []
[2014-02-26 07:52:57] rocketeer.INFO: ["20140226062521","20140226064943","backup","wp-config.php"] [] []
[2014-02-26 07:52:57] rocketeer.INFO: ["ls \/var\/www\/wpsite\/production\/releases"] [] []
[2014-02-26 07:52:57] rocketeer.INFO: ["20140226062521","20140226064943","backup","wp-config.php"] [] []
[2014-02-26 07:53:01] rocketeer.INFO: ["git clone --depth 1 -b master \"https:\/\/github.com\/mykebates\/wpsite\" \/var\/www\/wpsite\/production\/releases\/20140226065257"] [] []
[2014-02-26 07:53:01] rocketeer.INFO: Cloning into '/var/www/wpsite/production/releases/20140226065257'... [] []
[2014-02-26 07:53:01] rocketeer.INFO: ["ls \/var\/www\/wpsite\/production\/releases"] [] []
[2014-02-26 07:53:01] rocketeer.INFO: ["20140226062521","20140226064943","20140226065257","backup","wp-config.php"] [] []
[2014-02-26 07:53:55] rocketeer.INFO: ["cd \/var\/www\/wpsite\/production\/releases\/20140226065257","git submodule update --init --recursive"] [] []
[2014-02-26 07:53:55] rocketeer.INFO: Submodule 'wp' (git://github.com/WordPress/WordPress.git) registered for path 'wp'
Cloning into 'wp'...
Submodule path 'wp': checked out '22bb60277036651db73dc872eaa7d2a50276b00d' [] []
[2014-02-26 07:53:55] rocketeer.INFO: ["ls \/var\/www\/wpsite\/production\/releases"] [] []
[2014-02-26 07:53:55] rocketeer.INFO: ["20140226062521","20140226064943","20140226065257","backup","wp-config.php"] [] []
[2014-02-26 07:53:55] rocketeer.INFO: ["ls \/var\/www\/wpsite\/production\/releases"] [] []
[2014-02-26 07:53:55] rocketeer.INFO: ["20140226062521","20140226064943","20140226065257","backup","wp-config.php"] [] []
[2014-02-26 07:53:55] rocketeer.INFO: ["ls \/var\/www\/wpsite\/production\/releases"] [] []
[2014-02-26 07:53:55] rocketeer.INFO: ["20140226062521","20140226064943","20140226065257","backup","wp-config.php"] [] []
[2014-02-26 07:53:55] rocketeer.INFO: ["ls \/var\/www\/wpsite\/production\/releases"] [] []
[2014-02-26 07:53:55] rocketeer.INFO: ["20140226062521","20140226064943","20140226065257","backup","wp-config.php"] [] []
[2014-02-26 07:53:56] rocketeer.INFO: ["cd \/var\/www\/wpsite\/production\/releases\/20140226065257","chmod -R 755 \/var\/www\/wpsite\/production\/releases\/20140226065257\/content\/uploads","chmod -R g+s \/var\/www\/wpsite\/production\/releases\/20140226065257\/content\/uploads"] [] []
[2014-02-26 07:53:56] rocketeer.INFO:  [] []
[2014-02-26 07:53:56] rocketeer.INFO: ["ls \/var\/www\/wpsite\/production\/releases"] [] []
[2014-02-26 07:53:56] rocketeer.INFO: ["20140226062521","20140226064943","20140226065257","backup","wp-config.php"] [] []
[2014-02-26 07:53:56] rocketeer.INFO: ["ls \/var\/www\/wpsite\/production\/releases"] [] []
[2014-02-26 07:53:56] rocketeer.INFO: ["20140226062521","20140226064943","20140226065257","backup","wp-config.php"] [] []
[2014-02-26 07:53:56] rocketeer.INFO: ["cd \/var\/www\/wpsite\/production\/releases\/20140226065257","chmod -R 755 \/var\/www\/wpsite\/production\/releases\/20140226065257\/content\/plugins","chmod -R g+s \/var\/www\/wpsite\/production\/releases\/20140226065257\/content\/plugins"] [] []
[2014-02-26 07:53:56] rocketeer.INFO:  [] []
[2014-02-26 07:53:56] rocketeer.INFO: ["ls \/var\/www\/wpsite\/production\/releases"] [] []
[2014-02-26 07:53:56] rocketeer.INFO: ["20140226062521","20140226064943","20140226065257","backup","wp-config.php"] [] []
[2014-02-26 07:53:56] rocketeer.INFO: ["ls \/var\/www\/wpsite\/production\/releases"] [] []
[2014-02-26 07:53:56] rocketeer.INFO: ["20140226062521","20140226064943","20140226065257","backup","wp-config.php"] [] []
[2014-02-26 07:53:56] rocketeer.INFO: ["cd \/var\/www\/wpsite\/production\/releases\/20140226065257","chmod -R 755 \/var\/www\/wpsite\/production\/releases\/20140226065257\/","chmod -R g+s \/var\/www\/wpsite\/production\/releases\/20140226065257\/"] [] []
[2014-02-26 07:53:56] rocketeer.INFO:  [] []
[2014-02-26 07:53:56] rocketeer.INFO: ["ls \/var\/www\/wpsite\/production\/releases"] [] []
[2014-02-26 07:53:56] rocketeer.INFO: ["20140226062521","20140226064943","20140226065257","backup","wp-config.php"] [] []
[2014-02-26 07:53:56] rocketeer.INFO: ["rm -rf \/var\/www\/wpsite\/production\/releases\/20140226065257\/content\/uploads"] [] []
[2014-02-26 07:53:56] rocketeer.INFO:  [] []
[2014-02-26 07:53:56] rocketeer.INFO: ["ln -s \/var\/www\/wpsite\/production\/shared\/content\/uploads \/var\/www\/wpsite\/production\/releases\/20140226065257\/content\/uploads"] [] []
[2014-02-26 07:53:56] rocketeer.INFO:  [] []
[2014-02-26 07:53:56] rocketeer.INFO: ["ls \/var\/www\/wpsite\/production\/releases"] [] []
[2014-02-26 07:53:56] rocketeer.INFO: ["20140226062521","20140226064943","20140226065257","backup","wp-config.php"] [] []
[2014-02-26 07:53:56] rocketeer.INFO: ["mv \/var\/www\/wpsite\/production\/releases\/20140226065257\/\/sessions \/var\/www\/wpsite\/production\/shared\/\/sessions"] [] []
[2014-02-26 07:53:56] rocketeer.INFO: mv: cannot stat `/var/www/wpsite/production/releases/20140226065257//sessions': No such file or directory [] []
[2014-02-26 07:53:57] rocketeer.INFO: ["ls \/var\/www\/wpsite\/production\/releases"] [] []
[2014-02-26 07:53:57] rocketeer.INFO: ["20140226062521","20140226064943","20140226065257","backup","wp-config.php"] [] []
[2014-02-26 07:53:57] rocketeer.INFO: ["rm -rf \/var\/www\/wpsite\/production\/current"] [] []
[2014-02-26 07:53:57] rocketeer.INFO:  [] []
[2014-02-26 07:53:57] rocketeer.INFO: ["ln -s \/var\/www\/wpsite\/production\/releases\/20140226065257 \/var\/www\/wpsite\/production\/current"] [] []
[2014-02-26 07:53:57] rocketeer.INFO:  [] []
[2014-02-26 07:53:57] rocketeer.INFO: ["ls \/var\/www\/wpsite\/production\/releases"] [] []
[2014-02-26 07:53:57] rocketeer.INFO: ["20140226062521","20140226064943","20140226065257","backup","wp-config.php"] [] []
[2014-02-26 07:53:57] rocketeer.INFO: ["ls \/var\/www\/wpsite\/production\/releases"] [] []
[2014-02-26 07:53:57] rocketeer.INFO: ["20140226062521","20140226064943","20140226065257","backup","wp-config.php"] [] []
[2014-02-26 07:53:57] rocketeer.INFO: ["ls \/var\/www\/wpsite\/production\/releases"] [] []
[2014-02-26 07:53:57] rocketeer.INFO: ["20140226062521","20140226064943","20140226065257","backup","wp-config.php"] [] []
[2014-02-26 07:53:57] rocketeer.INFO: ["cd \/var\/www\/wpsite\/production\/releases\/20140226065257","chown -R :www-data .\/"] [] []
[2014-02-26 07:53:57] rocketeer.INFO:  [] []
[2014-02-26 07:53:57] rocketeer.INFO: ["ls \/var\/www\/wpsite\/production\/releases"] [] []
[2014-02-26 07:53:57] rocketeer.INFO: ["20140226062521","20140226064943","20140226065257","backup","wp-config.php"] [] []
[2014-02-26 07:53:57] rocketeer.INFO: ["cd \/var\/www\/wpsite\/production\/releases\/20140226065257","chmod g+w :www-data .\/ -R"] [] []
[2014-02-26 07:53:57] rocketeer.INFO: chmod: cannot access `:www-data': No such file or directory [] []
[2014-02-26 07:53:57] rocketeer.INFO: ["ls \/var\/www\/wpsite\/production\/releases"] [] []
[2014-02-26 07:53:57] rocketeer.INFO: ["20140226062521","20140226064943","20140226065257","backup","wp-config.php"] [] []
[2014-02-26 07:53:57] rocketeer.INFO: ["cd \/var\/www\/wpsite\/production\/releases\/20140226065257","chown -R :www-data ..\/..\/shared"] [] []
[2014-02-26 07:53:57] rocketeer.INFO: chown: changing group of `../../shared/content/uploads/2014/02/63vwRInjBT-3000x3000-778x576.png': Operation not permitted
chown: changing group of `../../shared/content/uploads/2014/02/63vwRInjBT-3000x3000-672x372.png': Operation not permitted
chown: changing group of `../../shared/content/uploads/2014/02/63vwRInjBT-3000x3000-300x264.png': Operation not permitted
chown: changing group of `../../shared/content/uploads/2014/02/63vwRInjBT-3000x3000.png': Operation not permitted
chown: changing group of `../../shared/content/uploads/2014/02/63vwRInjBT-3000x3000-150x150.png': Operation not permitted [] []
[2014-02-26 07:53:57] rocketeer.INFO: ["ls \/var\/www\/wpsite\/production\/releases"] [] []
[2014-02-26 07:53:57] rocketeer.INFO: ["20140226062521","20140226064943","20140226065257","backup","wp-config.php"] [] []
[2014-02-26 07:53:57] rocketeer.INFO: ["ls \/var\/www\/wpsite\/production\/releases"] [] []
[2014-02-26 07:53:57] rocketeer.INFO: ["20140226062521","20140226064943","20140226065257","backup","wp-config.php"] [] []
[2014-02-26 07:53:57] rocketeer.INFO: ["ls \/var\/www\/wpsite\/production\/releases"] [] []
[2014-02-26 07:53:57] rocketeer.INFO: ["20140226062521","20140226064943","20140226065257","backup","wp-config.php"] [] []
[2014-02-26 07:53:57] rocketeer.INFO: ["rm -rf \/var\/www\/wpsite\/production\/releases\/20140226062521"] [] []
[2014-02-26 07:53:57] rocketeer.INFO:  [] []
[2014-02-26 07:55:41] rocketeer.INFO: ["ls \/var\/www\/wpsite\/production\/releases"] [] []
[2014-02-26 07:55:41] rocketeer.INFO: ["20140226064943","20140226065257","backup","wp-config.php"] [] []
[2014-02-26 07:55:41] rocketeer.INFO: ["cd \/var\/www\/wpsite\/production\/releases\/20140226065257","chown -R vagrant:www-data content\/uploads"] [] []
[2014-02-26 07:55:41] rocketeer.INFO:  [] []
[2014-02-26 08:03:00] rocketeer.INFO: ["ls \/var\/www\/wpsite\/production\/releases"] [] []
[2014-02-26 08:03:00] rocketeer.INFO: ["20140226064943","20140226065257","backup","wp-config.php"] [] []
[2014-02-26 08:03:00] rocketeer.INFO: ["ls \/var\/www\/wpsite\/production\/releases"] [] []
[2014-02-26 08:03:00] rocketeer.INFO: ["20140226064943","20140226065257","backup","wp-config.php"] [] []
[2014-02-26 08:03:03] rocketeer.INFO: ["git clone --depth 1 -b master \"https:\/\/github.com\/mykebates\/wpsite\" \/var\/www\/wpsite\/production\/releases\/20140226070300"] [] []
[2014-02-26 08:03:03] rocketeer.INFO: Cloning into '/var/www/wpsite/production/releases/20140226070300'... [] []
[2014-02-26 08:03:03] rocketeer.INFO: ["ls \/var\/www\/wpsite\/production\/releases"] [] []
[2014-02-26 08:03:03] rocketeer.INFO: ["20140226064943","20140226065257","20140226070300","backup","wp-config.php"] [] []
[2014-02-26 08:05:02] rocketeer.INFO: ["cd \/var\/www\/wpsite\/production\/releases\/20140226070300","git submodule update --init --recursive"] [] []
[2014-02-26 08:05:02] rocketeer.INFO: Submodule 'wp' (git://github.com/WordPress/WordPress.git) registered for path 'wp'
Cloning into 'wp'...
Submodule path 'wp': checked out '22bb60277036651db73dc872eaa7d2a50276b00d' [] []
[2014-02-26 08:05:02] rocketeer.INFO: ["ls \/var\/www\/wpsite\/production\/releases"] [] []
[2014-02-26 08:05:02] rocketeer.INFO: ["20140226064943","20140226065257","20140226070300","backup","wp-config.php"] [] []
[2014-02-26 08:05:02] rocketeer.INFO: ["ls \/var\/www\/wpsite\/production\/releases"] [] []
[2014-02-26 08:05:02] rocketeer.INFO: ["20140226064943","20140226065257","20140226070300","backup","wp-config.php"] [] []
[2014-02-26 08:05:02] rocketeer.INFO: ["ls \/var\/www\/wpsite\/production\/releases"] [] []
[2014-02-26 08:05:02] rocketeer.INFO: ["20140226064943","20140226065257","20140226070300","backup","wp-config.php"] [] []
[2014-02-26 08:05:02] rocketeer.INFO: ["ls \/var\/www\/wpsite\/production\/releases"] [] []
[2014-02-26 08:05:02] rocketeer.INFO: ["20140226064943","20140226065257","20140226070300","backup","wp-config.php"] [] []
[2014-02-26 08:05:02] rocketeer.INFO: ["cd \/var\/www\/wpsite\/production\/releases\/20140226070300","chmod -R 755 \/var\/www\/wpsite\/production\/releases\/20140226070300\/content\/uploads","chmod -R g+s \/var\/www\/wpsite\/production\/releases\/20140226070300\/content\/uploads"] [] []
[2014-02-26 08:05:02] rocketeer.INFO:  [] []
[2014-02-26 08:05:02] rocketeer.INFO: ["ls \/var\/www\/wpsite\/production\/releases"] [] []
[2014-02-26 08:05:02] rocketeer.INFO: ["20140226064943","20140226065257","20140226070300","backup","wp-config.php"] [] []
[2014-02-26 08:05:02] rocketeer.INFO: ["ls \/var\/www\/wpsite\/production\/releases"] [] []
[2014-02-26 08:05:02] rocketeer.INFO: ["20140226064943","20140226065257","20140226070300","backup","wp-config.php"] [] []
[2014-02-26 08:05:02] rocketeer.INFO: ["cd \/var\/www\/wpsite\/production\/releases\/20140226070300","chmod -R 755 \/var\/www\/wpsite\/production\/releases\/20140226070300\/content\/plugins","chmod -R g+s \/var\/www\/wpsite\/production\/releases\/20140226070300\/content\/plugins"] [] []
[2014-02-26 08:05:02] rocketeer.INFO:  [] []
[2014-02-26 08:05:02] rocketeer.INFO: ["ls \/var\/www\/wpsite\/production\/releases"] [] []
[2014-02-26 08:05:02] rocketeer.INFO: ["20140226064943","20140226065257","20140226070300","backup","wp-config.php"] [] []
[2014-02-26 08:05:03] rocketeer.INFO: ["ls \/var\/www\/wpsite\/production\/releases"] [] []
[2014-02-26 08:05:03] rocketeer.INFO: ["20140226064943","20140226065257","20140226070300","backup","wp-config.php"] [] []
[2014-02-26 08:05:03] rocketeer.INFO: ["cd \/var\/www\/wpsite\/production\/releases\/20140226070300","chmod -R 755 \/var\/www\/wpsite\/production\/releases\/20140226070300\/","chmod -R g+s \/var\/www\/wpsite\/production\/releases\/20140226070300\/"] [] []
[2014-02-26 08:05:03] rocketeer.INFO:  [] []
[2014-02-26 08:05:03] rocketeer.INFO: ["ls \/var\/www\/wpsite\/production\/releases"] [] []
[2014-02-26 08:05:03] rocketeer.INFO: ["20140226064943","20140226065257","20140226070300","backup","wp-config.php"] [] []
[2014-02-26 08:05:03] rocketeer.INFO: ["rm -rf \/var\/www\/wpsite\/production\/releases\/20140226070300\/content\/uploads"] [] []
[2014-02-26 08:05:03] rocketeer.INFO:  [] []
[2014-02-26 08:05:03] rocketeer.INFO: ["ln -s \/var\/www\/wpsite\/production\/shared\/content\/uploads \/var\/www\/wpsite\/production\/releases\/20140226070300\/content\/uploads"] [] []
[2014-02-26 08:05:03] rocketeer.INFO:  [] []
[2014-02-26 08:05:03] rocketeer.INFO: ["ls \/var\/www\/wpsite\/production\/releases"] [] []
[2014-02-26 08:05:03] rocketeer.INFO: ["20140226064943","20140226065257","20140226070300","backup","wp-config.php"] [] []
[2014-02-26 08:05:03] rocketeer.INFO: ["mv \/var\/www\/wpsite\/production\/releases\/20140226070300\/\/sessions \/var\/www\/wpsite\/production\/shared\/\/sessions"] [] []
[2014-02-26 08:05:03] rocketeer.INFO: mv: cannot stat `/var/www/wpsite/production/releases/20140226070300//sessions': No such file or directory [] []
[2014-02-26 08:05:03] rocketeer.INFO: ["ls \/var\/www\/wpsite\/production\/releases"] [] []
[2014-02-26 08:05:03] rocketeer.INFO: ["20140226064943","20140226065257","20140226070300","backup","wp-config.php"] [] []
[2014-02-26 08:05:03] rocketeer.INFO: ["rm -rf \/var\/www\/wpsite\/production\/current"] [] []
[2014-02-26 08:05:03] rocketeer.INFO:  [] []
[2014-02-26 08:05:03] rocketeer.INFO: ["ln -s \/var\/www\/wpsite\/production\/releases\/20140226070300 \/var\/www\/wpsite\/production\/current"] [] []
[2014-02-26 08:05:03] rocketeer.INFO:  [] []
[2014-02-26 08:05:03] rocketeer.INFO: ["ls \/var\/www\/wpsite\/production\/releases"] [] []
[2014-02-26 08:05:03] rocketeer.INFO: ["20140226064943","20140226065257","20140226070300","backup","wp-config.php"] [] []
[2014-02-26 08:05:03] rocketeer.INFO: ["ls \/var\/www\/wpsite\/production\/releases"] [] []
[2014-02-26 08:05:03] rocketeer.INFO: ["20140226064943","20140226065257","20140226070300","backup","wp-config.php"] [] []
[2014-02-26 08:05:03] rocketeer.INFO: ["ls \/var\/www\/wpsite\/production\/releases"] [] []
[2014-02-26 08:05:03] rocketeer.INFO: ["20140226064943","20140226065257","20140226070300","backup","wp-config.php"] [] []
[2014-02-26 08:05:04] rocketeer.INFO: ["cd \/var\/www\/wpsite\/production\/releases\/20140226070300","chown -R :www-data .\/"] [] []
[2014-02-26 08:05:04] rocketeer.INFO:  [] []
[2014-02-26 08:05:04] rocketeer.INFO: ["ls \/var\/www\/wpsite\/production\/releases"] [] []
[2014-02-26 08:05:04] rocketeer.INFO: ["20140226064943","20140226065257","20140226070300","backup","wp-config.php"] [] []
[2014-02-26 08:05:04] rocketeer.INFO: ["cd \/var\/www\/wpsite\/production\/releases\/20140226070300","chmod g+w .\/ -R"] [] []
[2014-02-26 08:05:04] rocketeer.INFO:  [] []
[2014-02-26 08:05:04] rocketeer.INFO: ["ls \/var\/www\/wpsite\/production\/releases"] [] []
[2014-02-26 08:05:04] rocketeer.INFO: ["20140226064943","20140226065257","20140226070300","backup","wp-config.php"] [] []
[2014-02-26 08:05:04] rocketeer.INFO: ["cd \/var\/www\/wpsite\/production\/releases\/20140226070300","chown -R :www-data ..\/..\/shared"] [] []
[2014-02-26 08:05:04] rocketeer.INFO: chown: changing group of `../../shared/content/uploads/2014/02/63vwRInjBT-3000x30002.png': Operation not permitted
chown: changing group of `../../shared/content/uploads/2014/02/63vwRInjBT-3000x30002-300x264.png': Operation not permitted
chown: changing group of `../../shared/content/uploads/2014/02/63vwRInjBT-3000x30002-150x150.png': Operation not permitted
chown: changing group of `../../shared/content/uploads/2014/02/63vwRInjBT-3000x30002-672x372.png': Operation not permitted
chown: changing group of `../../shared/content/uploads/2014/02/63vwRInjBT-3000x30001.png': Operation not permitted
chown: changing group of `../../shared/content/uploads/2014/02/63vwRInjBT-3000x30002-778x576.png': Operation not permitted
chown: changing group of `../../shared/content/uploads/2014/02/63vwRInjBT-3000x30001-778x576.png': Operation not permitted
chown: changing group of `../../shared/content/uploads/2014/02/63vwRInjBT-3000x30001-672x372.png': Operation not permitted
chown: changing group of `../../shared/content/uploads/2014/02/63vwRInjBT-3000x30001-150x150.png': Operation not permitted
chown: changing group of `../../shared/content/uploads/2014/02/63vwRInjBT-3000x30001-300x264.png': Operation not permitted [] []
[2014-02-26 08:05:04] rocketeer.INFO: ["ls \/var\/www\/wpsite\/production\/releases"] [] []
[2014-02-26 08:05:04] rocketeer.INFO: ["20140226064943","20140226065257","20140226070300","backup","wp-config.php"] [] []
[2014-02-26 08:05:04] rocketeer.INFO: ["ls \/var\/www\/wpsite\/production\/releases"] [] []
[2014-02-26 08:05:04] rocketeer.INFO: ["20140226064943","20140226065257","20140226070300","backup","wp-config.php"] [] []
[2014-02-26 08:05:04] rocketeer.INFO: ["ls \/var\/www\/wpsite\/production\/releases"] [] []
[2014-02-26 08:05:04] rocketeer.INFO: ["20140226064943","20140226065257","20140226070300","backup","wp-config.php"] [] []
[2014-02-26 08:05:04] rocketeer.INFO: ["rm -rf \/var\/www\/wpsite\/production\/releases\/20140226064943"] [] []
[2014-02-26 08:05:04] rocketeer.INFO:  [] []
